Determining if the pthread_create exist failed with the following output:
Change Dir: /home/neo_hiwi2/socketcan_elmo_ws/build/CMakeFiles/CMakeTmp

Run Build Command:"/usr/bin/make" "cmTC_843ad/fast"
/usr/bin/make -f CMakeFiles/cmTC_843ad.dir/build.make CMakeFiles/cmTC_843ad.dir/build
make[1]: Entering directory '/home/neo_hiwi2/socketcan_elmo_ws/build/CMakeFiles/CMakeTmp'
Building C object CMakeFiles/cmTC_843ad.dir/CheckSymbolExists.c.o
/usr/bin/cc    -o CMakeFiles/cmTC_843ad.dir/CheckSymbolExists.c.o   -c /home/neo_hiwi2/socketcan_elmo_ws/build/CMakeFiles/CMakeTmp/CheckSymbolExists.c
Linking C executable cmTC_843ad
/usr/bin/cmake -E cmake_link_script CMakeFiles/cmTC_843ad.dir/link.txt --verbose=1
/usr/bin/cc      -rdynamic CMakeFiles/cmTC_843ad.dir/CheckSymbolExists.c.o  -o cmTC_843ad 
CMakeFiles/cmTC_843ad.dir/CheckSymbolExists.c.o: In function `main':
CheckSymbolExists.c:(.text+0x1b): undefined reference to `pthread_create'
collect2: error: ld returned 1 exit status
CMakeFiles/cmTC_843ad.dir/build.make:97: recipe for target 'cmTC_843ad' failed
make[1]: *** [cmTC_843ad] Error 1
make[1]: Leaving directory '/home/neo_hiwi2/socketcan_elmo_ws/build/CMakeFiles/CMakeTmp'
Makefile:126: recipe for target 'cmTC_843ad/fast' failed
make: *** [cmTC_843ad/fast] Error 2

File /home/neo_hiwi2/socketcan_elmo_ws/build/CMakeFiles/CMakeTmp/CheckSymbolExists.c:
/* */
#include <pthread.h>

int main(int argc, char** argv)
{
  (void)argv;
#ifndef pthread_create
  return ((int*)(&pthread_create))[argc];
#else
  (void)argc;
  return 0;
#endif
}

Determining if the function pthread_create exists in the pthreads failed with the following output:
Change Dir: /home/neo_hiwi2/socketcan_elmo_ws/build/CMakeFiles/CMakeTmp

Run Build Command:"/usr/bin/make" "cmTC_93afa/fast"
/usr/bin/make -f CMakeFiles/cmTC_93afa.dir/build.make CMakeFiles/cmTC_93afa.dir/build
make[1]: Entering directory '/home/neo_hiwi2/socketcan_elmo_ws/build/CMakeFiles/CMakeTmp'
Building C object CMakeFiles/cmTC_93afa.dir/CheckFunctionExists.c.o
/usr/bin/cc   -DCHECK_FUNCTION_EXISTS=pthread_create   -o CMakeFiles/cmTC_93afa.dir/CheckFunctionExists.c.o   -c /usr/share/cmake-3.10/Modules/CheckFunctionExists.c
Linking C executable cmTC_93afa
/usr/bin/cmake -E cmake_link_script CMakeFiles/cmTC_93afa.dir/link.txt --verbose=1
/usr/bin/cc  -DCHECK_FUNCTION_EXISTS=pthread_create    -rdynamic CMakeFiles/cmTC_93afa.dir/CheckFunctionExists.c.o  -o cmTC_93afa -lpthreads 
/usr/bin/ld: cannot find -lpthreads
collect2: error: ld returned 1 exit status
CMakeFiles/cmTC_93afa.dir/build.make:97: recipe for target 'cmTC_93afa' failed
make[1]: *** [cmTC_93afa] Error 1
make[1]: Leaving directory '/home/neo_hiwi2/socketcan_elmo_ws/build/CMakeFiles/CMakeTmp'
Makefile:126: recipe for target 'cmTC_93afa/fast' failed
make: *** [cmTC_93afa/fast] Error 2


