Determining if the pthread_create exist failed with the following output:
Change Dir: /home/neo_hiwi2/mpo700_neobotix_ws/build/CMakeFiles/CMakeTmp

Run Build Command:"/usr/bin/make" "cmTC_9540c/fast"
/usr/bin/make -f CMakeFiles/cmTC_9540c.dir/build.make CMakeFiles/cmTC_9540c.dir/build
make[1]: Entering directory '/home/neo_hiwi2/mpo700_neobotix_ws/build/CMakeFiles/CMakeTmp'
Building C object CMakeFiles/cmTC_9540c.dir/CheckSymbolExists.c.o
/usr/bin/cc    -o CMakeFiles/cmTC_9540c.dir/CheckSymbolExists.c.o   -c /home/neo_hiwi2/mpo700_neobotix_ws/build/CMakeFiles/CMakeTmp/CheckSymbolExists.c
Linking C executable cmTC_9540c
/usr/bin/cmake -E cmake_link_script CMakeFiles/cmTC_9540c.dir/link.txt --verbose=1
/usr/bin/cc      -rdynamic CMakeFiles/cmTC_9540c.dir/CheckSymbolExists.c.o  -o cmTC_9540c 
CMakeFiles/cmTC_9540c.dir/CheckSymbolExists.c.o: In function `main':
CheckSymbolExists.c:(.text+0x1b): undefined reference to `pthread_create'
collect2: error: ld returned 1 exit status
CMakeFiles/cmTC_9540c.dir/build.make:97: recipe for target 'cmTC_9540c' failed
make[1]: *** [cmTC_9540c] Error 1
make[1]: Leaving directory '/home/neo_hiwi2/mpo700_neobotix_ws/build/CMakeFiles/CMakeTmp'
Makefile:126: recipe for target 'cmTC_9540c/fast' failed
make: *** [cmTC_9540c/fast] Error 2

File /home/neo_hiwi2/mpo700_neobotix_ws/build/CMakeFiles/CMakeTmp/CheckSymbolExists.c:
/* */
#include <pthread.h>

int main(int argc, char** argv)
{
  (void)argv;
#ifndef pthread_create
  return ((int*)(&pthread_create))[argc];
#else
  (void)argc;
  return 0;
#endif
}

Determining if the function pthread_create exists in the pthreads failed with the following output:
Change Dir: /home/neo_hiwi2/mpo700_neobotix_ws/build/CMakeFiles/CMakeTmp

Run Build Command:"/usr/bin/make" "cmTC_7c97e/fast"
/usr/bin/make -f CMakeFiles/cmTC_7c97e.dir/build.make CMakeFiles/cmTC_7c97e.dir/build
make[1]: Entering directory '/home/neo_hiwi2/mpo700_neobotix_ws/build/CMakeFiles/CMakeTmp'
Building C object CMakeFiles/cmTC_7c97e.dir/CheckFunctionExists.c.o
/usr/bin/cc   -DCHECK_FUNCTION_EXISTS=pthread_create   -o CMakeFiles/cmTC_7c97e.dir/CheckFunctionExists.c.o   -c /usr/share/cmake-3.10/Modules/CheckFunctionExists.c
Linking C executable cmTC_7c97e
/usr/bin/cmake -E cmake_link_script CMakeFiles/cmTC_7c97e.dir/link.txt --verbose=1
/usr/bin/cc  -DCHECK_FUNCTION_EXISTS=pthread_create    -rdynamic CMakeFiles/cmTC_7c97e.dir/CheckFunctionExists.c.o  -o cmTC_7c97e -lpthreads 
/usr/bin/ld: cannot find -lpthreads
collect2: error: ld returned 1 exit status
CMakeFiles/cmTC_7c97e.dir/build.make:97: recipe for target 'cmTC_7c97e' failed
make[1]: *** [cmTC_7c97e] Error 1
make[1]: Leaving directory '/home/neo_hiwi2/mpo700_neobotix_ws/build/CMakeFiles/CMakeTmp'
Makefile:126: recipe for target 'cmTC_7c97e/fast' failed
make: *** [cmTC_7c97e/fast] Error 2


